<?xml version="1.0" encoding="UTF-8"?>
<!-- Generated by org.testng.reporters.JUnitXMLReporter -->
<testsuite ignored="0" hostname="MacBook-Pro.local" failures="2" tests="4" name="Login Test" time="0.067" errors="0" timestamp="2020-09-08T23:54:50 CDT">
  <testcase classname="TestCaseforTNG.testcase1ng" name="UserReg" time="0.005"/>
  <testcase classname="TestCaseforTNG.testcase1ng" name="doLogin" time="0.001"/>
  <testcase classname="TestCaseforTNG.testcase1ng" name="asserttest" time="0.006">
    <failure type="java.lang.AssertionError" message="The following asserts failed:
	Test pass expected [Google.com] but found [Apple.com],
	Image presence expected [false] but found [true],
	Text Presence expected [false] but found [true]">
      <![CDATA[java.lang.AssertionError: The following asserts failed:
Test pass expected [Google.com] but found [Apple.com],
Image presence expected [false] but found [true],
Text Presence expected [false] but found [true]
at TestCaseforTNG.testcase1ng.asserttest(testcase1ng.java:44)
at java.base/java.util.ArrayList.forEach(ArrayList.java:1541)
... Removed 29 stack frames]]>
    </failure>
  </testcase> <!-- asserttest -->
  <testcase classname="TestCaseforTNG.testcase1ng" name="asserttest" time="0.028">
    <failure type="java.lang.RuntimeException" message="java.lang.NullPointerException">
      <![CDATA[java.lang.RuntimeException: java.lang.NullPointerException
at ru.yandex.qatools.ashot.util.InnerScript.execute(InnerScript.java:32)
at ru.yandex.qatools.ashot.shooting.ViewportPastingDecorator.getFullHeight(ViewportPastingDecorator.java:67)
at ru.yandex.qatools.ashot.shooting.ViewportPastingDecorator.getScreenshot(ViewportPastingDecorator.java:41)
at ru.yandex.qatools.ashot.shooting.ViewportPastingDecorator.getScreenshot(ViewportPastingDecorator.java:35)
at ru.yandex.qatools.ashot.AShot.takeScreenshot(AShot.java:145)
at TestCaseforTNG.BaseTest.CaptureScreenshotbyAshot(BaseTest.java:58)
at customListeners.Listeners.onTestFailure(Listeners.java:52)
at java.base/java.util.ArrayList.forEach(ArrayList.java:1541)
Caused by: java.lang.NullPointerException
at ru.yandex.qatools.ashot.util.InnerScript.execute(InnerScript.java:30)
... 31 more
... Removed 24 stack frames]]>
    </failure>
  </testcase> <!-- asserttest -->
</testsuite> <!-- Login Test -->
