<?xml version="1.0" encoding="UTF-8"?>
<!-- Generated by org.testng.reporters.JUnitXMLReporter -->
<testsuite ignored="1" hostname="MacBook-Pro.local" failures="1" tests="2" name="Title Test" time="0.005" errors="0" timestamp="2020-09-07T16:42:59 CDT">
  <testcase classname="TestCaseforTNG.testcase1ng" name="doLogin" time="0.001"/>
  <testcase classname="TestCaseforTNG.testcase1ng" name="asserttest" time="0.0">
    <failure type="java.lang.AssertionError" message="The following asserts failed:
	Test pass expected [Google.com] but found [Apple.com],
	Image presence expected [false] but found [true],
	Text Presence expected [false] but found [true]">
      <![CDATA[java.lang.AssertionError: The following asserts failed:
Test pass expected [Google.com] but found [Apple.com],
Image presence expected [false] but found [true],
Text Presence expected [false] but found [true]
at TestCaseforTNG.testcase1ng.asserttest(testcase1ng.java:42)
at java.base/java.util.ArrayList.forEach(ArrayList.java:1541)
... Removed 29 stack frames]]>
    </failure>
  </testcase> <!-- asserttest -->
  <testcase classname="TestCaseforTNG.testcase1ng" name="UserReg" time="0.0">
    <ignored/>
  </testcase> <!-- UserReg -->
</testsuite> <!-- Title Test -->
