<?xml version="1.0" encoding="UTF-8"?>
<!-- Generated by org.testng.reporters.JUnitXMLReporter -->
<testsuite ignored="0" hostname="MacBook-Pro.local" failures="2" tests="3" name="Log Test" time="0.008" errors="0" timestamp="2020-09-07T16:29:01 CDT">
  <testcase classname="TestCaseforTNG.testcase1ng" name="UserReg" time="0.001">
    <failure type="java.lang.AssertionError" message="User reg failed">
      <![CDATA[java.lang.AssertionError: User reg failed
at TestCaseforTNG.testcase1ng.UserReg(testcase1ng.java:74)
at java.base/java.util.ArrayList.forEach(ArrayList.java:1541)
... Removed 29 stack frames]]>
    </failure>
  </testcase> <!-- UserReg -->
  <testcase classname="TestCaseforTNG.testcase1ng" name="doLogin" time="0.0">
    <skipped/>
  </testcase> <!-- doLogin -->
  <testcase classname="TestCaseforTNG.testcase1ng" name="asserttest" time="0.001">
    <failure type="java.lang.AssertionError" message="The following asserts failed:
	Test pass expected [Google.com] but found [Apple.com],
	Image presence expected [false] but found [true],
	Text Presence expected [false] but found [true]">
      <![CDATA[java.lang.AssertionError: The following asserts failed:
Test pass expected [Google.com] but found [Apple.com],
Image presence expected [false] but found [true],
Text Presence expected [false] but found [true]
at TestCaseforTNG.testcase1ng.asserttest(testcase1ng.java:40)
at java.base/java.util.ArrayList.forEach(ArrayList.java:1541)
... Removed 30 stack frames]]>
    </failure>
  </testcase> <!-- asserttest -->
</testsuite> <!-- Log Test -->
